TN:
SF:index.js
FN:9,(anonymous_0)
FNF:1
FNH:1
FNDA:2,(anonymous_0)
DA:1,2
DA:2,2
DA:3,2
DA:4,2
DA:5,2
DA:6,2
DA:8,2
DA:9,2
DA:10,2
LF:9
LH:9
BRDA:8,0,0,2
BRDA:8,0,1,2
BRF:2
BRH:2
end_of_record
TN:
SF:middleware\admin.js
FN:1,(anonymous_0)
FNF:1
FNH:1
FNDA:5,(anonymous_0)
DA:1,2
DA:2,5
DA:4,4
LF:3
LH:3
BRDA:2,0,0,1
BRDA:2,0,1,4
BRF:2
BRH:2
end_of_record
TN:
SF:middleware\async.js
FN:1,(anonymous_0)
FN:2,(anonymous_1)
FNF:2
FNH:2
FNDA:4,(anonymous_0)
FNDA:6,(anonymous_1)
DA:1,2
DA:2,4
DA:3,6
DA:4,6
DA:7,0
LF:5
LH:4
BRF:0
BRH:0
end_of_record
TN:
SF:middleware\auth.js
FN:4,(anonymous_0)
FNF:1
FNH:1
FNDA:15,(anonymous_0)
DA:1,3
DA:2,3
DA:4,3
DA:5,15
DA:6,15
DA:8,12
DA:9,12
DA:10,11
DA:11,11
DA:14,1
LF:10
LH:10
BRDA:6,0,0,3
BRDA:6,0,1,12
BRF:2
BRH:2
end_of_record
TN:
SF:middleware\error.js
FN:4,(anonymous_0)
FNF:1
FNH:0
FNDA:0,(anonymous_0)
DA:1,2
DA:2,2
DA:4,2
DA:5,0
DA:8,0
LF:5
LH:3
BRF:0
BRH:0
end_of_record
TN:
SF:middleware\validateObjectId.js
FN:3,(anonymous_0)
FNF:1
FNH:1
FNDA:3,(anonymous_0)
DA:1,2
DA:3,2
DA:4,3
DA:5,1
DA:7,2
LF:5
LH:5
BRDA:4,0,0,1
BRDA:4,0,1,2
BRF:2
BRH:2
end_of_record
TN:
SF:models\customer.js
FN:23,validateCustomer
FNF:1
FNH:0
FNDA:0,validateCustomer
DA:1,2
DA:2,2
DA:4,2
DA:24,0
DA:30,0
DA:33,2
DA:34,2
LF:7
LH:5
BRF:0
BRH:0
end_of_record
TN:
SF:models\genre.js
FN:15,validateGenre
FNF:1
FNH:1
FNDA:12,validateGenre
DA:1,2
DA:2,2
DA:4,2
DA:13,2
DA:16,12
DA:20,12
DA:23,2
DA:24,2
DA:25,2
LF:9
LH:9
BRF:0
BRH:0
end_of_record
TN:
SF:models\movie.js
FN:31,validateMovie
FNF:1
FNH:0
FNDA:0,validateMovie
DA:1,2
DA:2,2
DA:3,2
DA:5,2
DA:32,0
DA:39,0
DA:42,2
DA:43,2
LF:8
LH:6
BRF:0
BRH:0
end_of_record
TN:
SF:models\rental.js
FN:58,validateRental
FNF:1
FNH:0
FNDA:0,validateRental
DA:1,2
DA:2,2
DA:4,2
DA:59,0
DA:64,0
DA:67,2
DA:68,2
LF:7
LH:5
BRF:0
BRH:0
end_of_record
TN:
SF:models\user.js
FN:29,(anonymous_0)
FN:35,validateUser
FNF:2
FNH:1
FNDA:23,(anonymous_0)
FNDA:0,validateUser
DA:1,3
DA:2,3
DA:3,3
DA:4,3
DA:6,3
DA:29,3
DA:30,23
DA:31,23
DA:33,3
DA:36,0
DA:41,0
DA:43,3
DA:44,3
LF:13
LH:11
BRF:0
BRH:0
end_of_record
TN:
SF:routes\auth.js
FN:12,(anonymous_0)
FN:17,(anonymous_1)
FN:24,(anonymous_2)
FN:38,validate
FNF:4
FNH:0
FNDA:0,(anonymous_0)
FNDA:0,(anonymous_1)
FNDA:0,(anonymous_2)
FNDA:0,validate
DA:1,2
DA:2,2
DA:3,2
DA:4,2
DA:5,2
DA:6,2
DA:8,2
DA:9,2
DA:10,2
DA:12,2
DA:13,0
DA:14,0
DA:17,2
DA:18,0
DA:19,0
DA:21,0
DA:22,0
DA:24,0
DA:25,0
DA:26,0
DA:28,0
DA:31,0
DA:39,0
DA:43,0
DA:45,2
LF:25
LH:12
BRDA:19,0,0,0
BRDA:19,0,1,0
BRDA:22,1,0,0
BRDA:22,1,1,0
BRDA:25,2,0,0
BRDA:25,2,1,0
BRF:6
BRH:0
end_of_record
TN:
SF:routes\customers.js
FN:6,(anonymous_0)
FN:11,(anonymous_1)
FN:25,(anonymous_2)
FN:41,(anonymous_3)
FN:49,(anonymous_4)
FNF:5
FNH:0
FNDA:0,(anonymous_0)
FNDA:0,(anonymous_1)
FNDA:0,(anonymous_2)
FNDA:0,(anonymous_3)
FNDA:0,(anonymous_4)
DA:1,2
DA:2,2
DA:3,2
DA:4,2
DA:6,2
DA:7,0
DA:8,0
DA:11,2
DA:12,0
DA:13,0
DA:15,0
DA:20,0
DA:22,0
DA:25,2
DA:26,0
DA:27,0
DA:29,0
DA:36,0
DA:38,0
DA:41,2
DA:42,0
DA:44,0
DA:46,0
DA:49,2
DA:50,0
DA:52,0
DA:54,0
DA:57,2
LF:28
LH:10
BRDA:13,0,0,0
BRDA:13,0,1,0
BRDA:27,1,0,0
BRDA:27,1,1,0
BRDA:36,2,0,0
BRDA:36,2,1,0
BRDA:44,3,0,0
BRDA:44,3,1,0
BRDA:52,4,0,0
BRDA:52,4,1,0
BRF:10
BRH:0
end_of_record
TN:
SF:routes\genres.js
FN:10,(anonymous_0)
FN:16,(anonymous_1)
FN:26,(anonymous_2)
FN:39,(anonymous_3)
FN:47,(anonymous_4)
FNF:5
FNH:5
FNDA:1,(anonymous_0)
FNDA:5,(anonymous_1)
FNDA:7,(anonymous_2)
FNDA:4,(anonymous_3)
FNDA:2,(anonymous_4)
DA:1,2
DA:2,2
DA:3,2
DA:4,2
DA:5,2
DA:6,2
DA:7,2
DA:8,2
DA:10,2
DA:12,1
DA:13,1
DA:16,2
DA:17,5
DA:18,5
DA:20,3
DA:21,3
DA:23,3
DA:26,2
DA:27,7
DA:28,7
DA:30,5
DA:34,4
DA:36,3
DA:39,2
DA:40,4
DA:42,3
DA:44,2
DA:47,2
DA:49,2
DA:51,2
DA:53,1
DA:56,2
LF:32
LH:32
BRDA:18,0,0,2
BRDA:18,0,1,3
BRDA:28,1,0,2
BRDA:28,1,1,5
BRDA:34,2,0,1
BRDA:34,2,1,3
BRDA:42,3,0,1
BRDA:42,3,1,2
BRDA:51,4,0,1
BRDA:51,4,1,1
BRF:10
BRH:10
end_of_record
TN:
SF:routes\movies.js
FN:7,(anonymous_0)
FN:12,(anonymous_1)
FN:33,(anonymous_2)
FN:56,(anonymous_3)
FN:64,(anonymous_4)
FNF:5
FNH:0
FNDA:0,(anonymous_0)
FNDA:0,(anonymous_1)
FNDA:0,(anonymous_2)
FNDA:0,(anonymous_3)
FNDA:0,(anonymous_4)
DA:1,2
DA:2,2
DA:3,2
DA:4,2
DA:5,2
DA:7,2
DA:8,0
DA:9,0
DA:12,2
DA:13,0
DA:14,0
DA:16,0
DA:17,0
DA:19,0
DA:28,0
DA:30,0
DA:33,2
DA:34,0
DA:35,0
DA:37,0
DA:38,0
DA:40,0
DA:51,0
DA:53,0
DA:56,2
DA:57,0
DA:59,0
DA:61,0
DA:64,2
DA:65,0
DA:67,0
DA:69,0
DA:72,2
LF:33
LH:11
BRDA:14,0,0,0
BRDA:14,0,1,0
BRDA:17,1,0,0
BRDA:17,1,1,0
BRDA:35,2,0,0
BRDA:35,2,1,0
BRDA:38,3,0,0
BRDA:38,3,1,0
BRDA:51,4,0,0
BRDA:51,4,1,0
BRDA:59,5,0,0
BRDA:59,5,1,0
BRDA:67,6,0,0
BRDA:67,6,1,0
BRF:14
BRH:0
end_of_record
TN:
SF:routes\rentals.js
FN:10,(anonymous_0)
FN:15,(anonymous_1)
FN:52,(anonymous_2)
FNF:3
FNH:0
FNDA:0,(anonymous_0)
FNDA:0,(anonymous_1)
FNDA:0,(anonymous_2)
DA:1,2
DA:2,2
DA:3,2
DA:4,2
DA:5,2
DA:6,2
DA:7,2
DA:8,2
DA:10,2
DA:11,0
DA:12,0
DA:15,2
DA:16,0
DA:17,0
DA:19,0
DA:20,0
DA:22,0
DA:23,0
DA:25,0
DA:27,0
DA:39,0
DA:40,0
DA:46,0
DA:48,0
DA:52,2
DA:53,0
DA:55,0
DA:57,0
DA:60,2
LF:29
LH:12
BRDA:17,0,0,0
BRDA:17,0,1,0
BRDA:20,1,0,0
BRDA:20,1,1,0
BRDA:23,2,0,0
BRDA:23,2,1,0
BRDA:25,3,0,0
BRDA:25,3,1,0
BRDA:55,4,0,0
BRDA:55,4,1,0
BRF:10
BRH:0
end_of_record
TN:
SF:routes\users.js
FN:11,(anonymous_0)
FN:15,(anonymous_1)
FN:20,(anonymous_2)
FN:28,(anonymous_3)
FN:29,(anonymous_4)
FNF:5
FNH:0
FNDA:0,(anonymous_0)
FNDA:0,(anonymous_1)
FNDA:0,(anonymous_2)
FNDA:0,(anonymous_3)
FNDA:0,(anonymous_4)
DA:1,2
DA:2,2
DA:3,2
DA:4,2
DA:5,2
DA:6,2
DA:7,2
DA:8,2
DA:9,2
DA:11,2
DA:12,0
DA:13,0
DA:15,2
DA:16,0
DA:17,0
DA:20,2
DA:21,0
DA:22,0
DA:24,0
DA:25,0
DA:27,0
DA:28,0
DA:29,0
DA:30,0
DA:33,0
DA:35,0
DA:36,0
DA:39,2
LF:28
LH:13
BRDA:22,0,0,0
BRDA:22,0,1,0
BRDA:25,1,0,0
BRDA:25,1,1,0
BRF:4
BRH:0
end_of_record
TN:
SF:startup\config.js
FN:2,(anonymous_0)
FNF:1
FNH:1
FNDA:2,(anonymous_0)
DA:1,2
DA:2,2
DA:3,2
DA:4,0
LF:4
LH:3
BRDA:3,0,0,0
BRDA:3,0,1,2
BRF:2
BRH:1
end_of_record
TN:
SF:startup\db.js
FN:4,(anonymous_0)
FN:18,(anonymous_1)
FNF:2
FNH:2
FNDA:2,(anonymous_0)
FNDA:2,(anonymous_1)
DA:1,2
DA:2,2
DA:3,2
DA:4,2
DA:11,2
DA:12,2
DA:18,2
LF:7
LH:7
BRF:0
BRH:0
end_of_record
TN:
SF:startup\logging.js
FN:4,(anonymous_0)
FNF:1
FNH:1
FNDA:4,(anonymous_0)
DA:1,2
DA:2,2
DA:4,2
DA:6,4
DA:32,4
LF:5
LH:5
BRF:0
BRH:0
end_of_record
TN:
SF:startup\routes.js
FN:10,(anonymous_0)
FNF:1
FNH:1
FNDA:2,(anonymous_0)
DA:1,2
DA:2,2
DA:3,2
DA:4,2
DA:5,2
DA:6,2
DA:7,2
DA:8,2
DA:10,2
DA:11,2
DA:12,2
DA:13,2
DA:14,2
DA:15,2
DA:16,2
DA:17,2
DA:18,2
LF:17
LH:17
BRF:0
BRH:0
end_of_record
